[2026-05-18 14:30:24,064] DESKTOP-OK7CRDJ/INFO/locust.main: Starting Locust 2.44.0
[2026-05-18 14:30:24,067] DESKTOP-OK7CRDJ/INFO/locust.main: Run time limit set to 60 seconds
Type     Name                                                                          # reqs      # fails |    Avg     Min     Max    Med |   req/s  failures/s
--------|----------------------------------------------------------------------------|-------|-------------|-------|-------|-------|-------|--------|-----------
--------|----------------------------------------------------------------------------|-------|-------------|-------|-------|-------|-------|--------|-----------
         Aggregated                                                                         0     0(0.00%) |      0       0       0      0 |    0.00        0.00

[2026-05-18 14:30:24,071] DESKTOP-OK7CRDJ/INFO/locust.runners: Ramping to 5 users at a rate of 1.00 per second
Type     Name                                                                          # reqs      # fails |    Avg     Min     Max    Med |   req/s  failures/s
--------|----------------------------------------------------------------------------|-------|-------------|-------|-------|-------|-------|--------|-----------
GET      GET /                                                                              2     0(0.00%) |    151     136     167    140 |    0.00        0.00
POST     POST login form                                                                    2   2(100.00%) |    328     314     342    314 |    0.00        0.00
--------|----------------------------------------------------------------------------|-------|-------------|-------|-------|-------|-------|--------|-----------
         Aggregated                                                                         4    2(50.00%) |    240     136     342    170 |    0.00        0.00

Type     Name                                                                          # reqs      # fails |    Avg     Min     Max    Med |   req/s  failures/s
--------|----------------------------------------------------------------------------|-------|-------------|-------|-------|-------|-------|--------|-----------
GET      GET /                                                                              6     0(0.00%) |    203     134     491    140 |    1.00        0.00
POST     POST login form                                                                    4   4(100.00%) |    326     287     361    310 |    1.00        1.00
--------|----------------------------------------------------------------------------|-------|-------------|-------|-------|-------|-------|--------|-----------
         Aggregated                                                                        10    4(40.00%) |    252     134     491    170 |    2.00        1.00

[2026-05-18 14:30:28,100] DESKTOP-OK7CRDJ/INFO/locust.runners: All users spawned: {"T24ReadOnlyUser": 5} (5 total users)
Type     Name                                                                          # reqs      # fails |    Avg     Min     Max    Med |   req/s  failures/s
--------|----------------------------------------------------------------------------|-------|-------------|-------|-------|-------|-------|--------|-----------
GET      GET /                                                                             11     0(0.00%) |    175     134     491    140 |    1.00        0.00
POST     POST login form                                                                    5   5(100.00%) |    319     287     361    310 |    1.00        1.00
--------|----------------------------------------------------------------------------|-------|-------------|-------|-------|-------|-------|--------|-----------
         Aggregated                                                                        16    5(31.25%) |    220     134     491    150 |    2.00        1.00

Type     Name                                                                          # reqs      # fails |    Avg     Min     Max    Med |   req/s  failures/s
--------|----------------------------------------------------------------------------|-------|-------------|-------|-------|-------|-------|--------|-----------
GET      GET /                                                                             15     0(0.00%) |    170     134     491    140 |    1.40        0.00
POST     POST login form                                                                    5   5(100.00%) |    319     287     361    310 |    1.00        1.00
--------|----------------------------------------------------------------------------|-------|-------------|-------|-------|-------|-------|--------|-----------
         Aggregated                                                                        20    5(25.00%) |    207     134     491    150 |    2.40        1.00

Type     Name                                                                          # reqs      # fails |    Avg     Min     Max    Med |   req/s  failures/s
--------|----------------------------------------------------------------------------|-------|-------------|-------|-------|-------|-------|--------|-----------
GET      GET /                                                                             19     0(0.00%) |    165     134     491    140 |    1.88        0.00
POST     POST login form                                                                    5   5(100.00%) |    319     287     361    310 |    0.62        0.62
--------|----------------------------------------------------------------------------|-------|-------------|-------|-------|-------|-------|--------|-----------
         Aggregated                                                                        24    5(20.83%) |    197     134     491    150 |    2.50        0.62

Type     Name                                                                          # reqs      # fails |    Avg     Min     Max    Med |   req/s  failures/s
--------|----------------------------------------------------------------------------|-------|-------------|-------|-------|-------|-------|--------|-----------
GET      GET /                                                                             23     0(0.00%) |    166     134     491    140 |    1.89        0.00
POST     POST login form                                                                    5   5(100.00%) |    319     287     361    310 |    0.56        0.56
--------|----------------------------------------------------------------------------|-------|-------------|-------|-------|-------|-------|--------|-----------
         Aggregated                                                                        28    5(17.86%) |    193     134     491    150 |    2.44        0.56

Type     Name                                                                          # reqs      # fails |    Avg     Min     Max    Med |   req/s  failures/s
--------|----------------------------------------------------------------------------|-------|-------------|-------|-------|-------|-------|--------|-----------
GET      GET /                                                                             28     0(0.00%) |    161     134     491    140 |    2.00        0.00
POST     POST login form                                                                    5   5(100.00%) |    319     287     361    310 |    0.40        0.40
--------|----------------------------------------------------------------------------|-------|-------------|-------|-------|-------|-------|--------|-----------
         Aggregated                                                                        33    5(15.15%) |    185     134     491    140 |    2.40        0.40

Type     Name                                                                          # reqs      # fails |    Avg     Min     Max    Med |   req/s  failures/s
--------|----------------------------------------------------------------------------|-------|-------------|-------|-------|-------|-------|--------|-----------
GET      GET /                                                                             33     0(0.00%) |    159     134     491    140 |    2.20        0.00
POST     POST login form                                                                    5   5(100.00%) |    319     287     361    310 |    0.10        0.10
--------|----------------------------------------------------------------------------|-------|-------------|-------|-------|-------|-------|--------|-----------
         Aggregated                                                                        38    5(13.16%) |    180     134     491    140 |    2.30        0.10

Type     Name                                                                          # reqs      # fails |    Avg     Min     Max    Med |   req/s  failures/s
--------|----------------------------------------------------------------------------|-------|-------------|-------|-------|-------|-------|--------|-----------
GET      GET /                                                                             36     0(0.00%) |    166     134     491    140 |    2.20        0.00
POST     POST login form                                                                    5   5(100.00%) |    319     287     361    310 |    0.00        0.00
--------|----------------------------------------------------------------------------|-------|-------------|-------|-------|-------|-------|--------|-----------
         Aggregated                                                                        41    5(12.20%) |    185     134     491    140 |    2.20        0.00

Type     Name                                                                          # reqs      # fails |    Avg     Min     Max    Med |   req/s  failures/s
--------|----------------------------------------------------------------------------|-------|-------------|-------|-------|-------|-------|--------|-----------
GET      GET /                                                                             40     0(0.00%) |    163     134     491    140 |    2.30        0.00
POST     POST login form                                                                    5   5(100.00%) |    319     287     361    310 |    0.00        0.00
--------|----------------------------------------------------------------------------|-------|-------------|-------|-------|-------|-------|--------|-----------
         Aggregated                                                                        45    5(11.11%) |    180     134     491    140 |    2.30        0.00

Type     Name                                                                          # reqs      # fails |    Avg     Min     Max    Med |   req/s  failures/s
--------|----------------------------------------------------------------------------|-------|-------------|-------|-------|-------|-------|--------|-----------
GET      GET /                                                                             47     0(0.00%) |    160     134     491    140 |    2.20        0.00
POST     POST login form                                                                    5   5(100.00%) |    319     287     361    310 |    0.00        0.00
--------|----------------------------------------------------------------------------|-------|-------------|-------|-------|-------|-------|--------|-----------
         Aggregated                                                                        52     5(9.62%) |    176     134     491    140 |    2.20        0.00

Type     Name                                                                          # reqs      # fails |    Avg     Min     Max    Med |   req/s  failures/s
--------|----------------------------------------------------------------------------|-------|-------------|-------|-------|-------|-------|--------|-----------
GET      GET /                                                                             49     0(0.00%) |    159     134     491    140 |    2.10        0.00
POST     POST login form                                                                    5   5(100.00%) |    319     287     361    310 |    0.00        0.00
--------|----------------------------------------------------------------------------|-------|-------------|-------|-------|-------|-------|--------|-----------
         Aggregated                                                                        54     5(9.26%) |    174     134     491    140 |    2.10        0.00

Type     Name                                                                          # reqs      # fails |    Avg     Min     Max    Med |   req/s  failures/s
--------|----------------------------------------------------------------------------|-------|-------------|-------|-------|-------|-------|--------|-----------
GET      GET /                                                                             54     0(0.00%) |    171     134     491    140 |    2.20        0.00
POST     POST login form                                                                    5   5(100.00%) |    319     287     361    310 |    0.00        0.00
--------|----------------------------------------------------------------------------|-------|-------------|-------|-------|-------|-------|--------|-----------
         Aggregated                                                                        59     5(8.47%) |    184     134     491    140 |    2.20        0.00

Type     Name                                                                          # reqs      # fails |    Avg     Min     Max    Med |   req/s  failures/s
--------|----------------------------------------------------------------------------|-------|-------------|-------|-------|-------|-------|--------|-----------
GET      GET /                                                                             59     0(0.00%) |    169     134     491    140 |    2.30        0.00
POST     POST login form                                                                    5   5(100.00%) |    319     287     361    310 |    0.00        0.00
--------|----------------------------------------------------------------------------|-------|-------------|-------|-------|-------|-------|--------|-----------
         Aggregated                                                                        64     5(7.81%) |    181     134     491    140 |    2.30        0.00

Type     Name                                                                          # reqs      # fails |    Avg     Min     Max    Med |   req/s  failures/s
--------|----------------------------------------------------------------------------|-------|-------------|-------|-------|-------|-------|--------|-----------
GET      GET /                                                                             64     0(0.00%) |    174     134     491    140 |    2.30        0.00
POST     POST login form                                                                    5   5(100.00%) |    319     287     361    310 |    0.00        0.00
--------|----------------------------------------------------------------------------|-------|-------------|-------|-------|-------|-------|--------|-----------
         Aggregated                                                                        69     5(7.25%) |    185     134     491    140 |    2.30        0.00

Type     Name                                                                          # reqs      # fails |    Avg     Min     Max    Med |   req/s  failures/s
--------|----------------------------------------------------------------------------|-------|-------------|-------|-------|-------|-------|--------|-----------
GET      GET /                                                                             66     0(0.00%) |    173     134     491    140 |    2.10        0.00
POST     POST login form                                                                    5   5(100.00%) |    319     287     361    310 |    0.00        0.00
--------|----------------------------------------------------------------------------|-------|-------------|-------|-------|-------|-------|--------|-----------
         Aggregated                                                                        71     5(7.04%) |    183     134     491    140 |    2.10        0.00

Type     Name                                                                          # reqs      # fails |    Avg     Min     Max    Med |   req/s  failures/s
--------|----------------------------------------------------------------------------|-------|-------------|-------|-------|-------|-------|--------|-----------
GET      GET /                                                                             72     0(0.00%) |    171     134     491    140 |    2.10        0.00
POST     POST login form                                                                    5   5(100.00%) |    319     287     361    310 |    0.00        0.00
--------|----------------------------------------------------------------------------|-------|-------------|-------|-------|-------|-------|--------|-----------
         Aggregated                                                                        77     5(6.49%) |    181     134     491    140 |    2.10        0.00

Type     Name                                                                          # reqs      # fails |    Avg     Min     Max    Med |   req/s  failures/s
--------|----------------------------------------------------------------------------|-------|-------------|-------|-------|-------|-------|--------|-----------
GET      GET /                                                                             78     0(0.00%) |    173     134     491    140 |    2.10        0.00
POST     POST login form                                                                    5   5(100.00%) |    319     287     361    310 |    0.00        0.00
--------|----------------------------------------------------------------------------|-------|-------------|-------|-------|-------|-------|--------|-----------
         Aggregated                                                                        83     5(6.02%) |    181     134     491    140 |    2.10        0.00

Type     Name                                                                          # reqs      # fails |    Avg     Min     Max    Med |   req/s  failures/s
--------|----------------------------------------------------------------------------|-------|-------------|-------|-------|-------|-------|--------|-----------
GET      GET /                                                                             83     0(0.00%) |    173     134     491    140 |    2.30        0.00
POST     POST login form                                                                    5   5(100.00%) |    319     287     361    310 |    0.00        0.00
--------|----------------------------------------------------------------------------|-------|-------------|-------|-------|-------|-------|--------|-----------
         Aggregated                                                                        88     5(5.68%) |    181     134     491    140 |    2.30        0.00

Type     Name                                                                          # reqs      # fails |    Avg     Min     Max    Med |   req/s  failures/s
--------|----------------------------------------------------------------------------|-------|-------------|-------|-------|-------|-------|--------|-----------
GET      GET /                                                                             88     0(0.00%) |    172     131     491    140 |    2.30        0.00
POST     POST login form                                                                    5   5(100.00%) |    319     287     361    310 |    0.00        0.00
--------|----------------------------------------------------------------------------|-------|-------------|-------|-------|-------|-------|--------|-----------
         Aggregated                                                                        93     5(5.38%) |    180     131     491    140 |    2.30        0.00

Type     Name                                                                          # reqs      # fails |    Avg     Min     Max    Med |   req/s  failures/s
--------|----------------------------------------------------------------------------|-------|-------------|-------|-------|-------|-------|--------|-----------
GET      GET /                                                                             93     0(0.00%) |    170     131     491    140 |    2.30        0.00
POST     POST login form                                                                    5   5(100.00%) |    319     287     361    310 |    0.00        0.00
--------|----------------------------------------------------------------------------|-------|-------------|-------|-------|-------|-------|--------|-----------
         Aggregated                                                                        98     5(5.10%) |    178     131     491    140 |    2.30        0.00

Type     Name                                                                          # reqs      # fails |    Avg     Min     Max    Med |   req/s  failures/s
--------|----------------------------------------------------------------------------|-------|-------------|-------|-------|-------|-------|--------|-----------
GET      GET /                                                                             97     0(0.00%) |    170     131     491    140 |    2.60        0.00
POST     POST login form                                                                    5   5(100.00%) |    319     287     361    310 |    0.00        0.00
--------|----------------------------------------------------------------------------|-------|-------------|-------|-------|-------|-------|--------|-----------
         Aggregated                                                                       102     5(4.90%) |    177     131     491    140 |    2.60        0.00

Type     Name                                                                          # reqs      # fails |    Avg     Min     Max    Med |   req/s  failures/s
--------|----------------------------------------------------------------------------|-------|-------------|-------|-------|-------|-------|--------|-----------
GET      GET /                                                                            101     0(0.00%) |    170     131     491    140 |    2.50        0.00
POST     POST login form                                                                    5   5(100.00%) |    319     287     361    310 |    0.00        0.00
--------|----------------------------------------------------------------------------|-------|-------------|-------|-------|-------|-------|--------|-----------
         Aggregated                                                                       106     5(4.72%) |    177     131     491    140 |    2.50        0.00

Type     Name                                                                          # reqs      # fails |    Avg     Min     Max    Med |   req/s  failures/s
--------|----------------------------------------------------------------------------|-------|-------------|-------|-------|-------|-------|--------|-----------
GET      GET /                                                                            106     0(0.00%) |    168     131     491    140 |    2.50        0.00
POST     POST login form                                                                    5   5(100.00%) |    319     287     361    310 |    0.00        0.00
--------|----------------------------------------------------------------------------|-------|-------------|-------|-------|-------|-------|--------|-----------
         Aggregated                                                                       111     5(4.50%) |    175     131     491    140 |    2.50        0.00

Type     Name                                                                          # reqs      # fails |    Avg     Min     Max    Med |   req/s  failures/s
--------|----------------------------------------------------------------------------|-------|-------------|-------|-------|-------|-------|--------|-----------
GET      GET /                                                                            111     0(0.00%) |    167     131     491    140 |    2.60        0.00
POST     POST login form                                                                    5   5(100.00%) |    319     287     361    310 |    0.00        0.00
--------|----------------------------------------------------------------------------|-------|-------------|-------|-------|-------|-------|--------|-----------
         Aggregated                                                                       116     5(4.31%) |    174     131     491    140 |    2.60        0.00

Type     Name                                                                          # reqs      # fails |    Avg     Min     Max    Med |   req/s  failures/s
--------|----------------------------------------------------------------------------|-------|-------------|-------|-------|-------|-------|--------|-----------
GET      GET /                                                                            116     0(0.00%) |    169     131     491    140 |    2.40        0.00
POST     POST login form                                                                    5   5(100.00%) |    319     287     361    310 |    0.00        0.00
--------|----------------------------------------------------------------------------|-------|-------------|-------|-------|-------|-------|--------|-----------
         Aggregated                                                                       121     5(4.13%) |    175     131     491    140 |    2.40        0.00

Type     Name                                                                          # reqs      # fails |    Avg     Min     Max    Med |   req/s  failures/s
--------|----------------------------------------------------------------------------|-------|-------------|-------|-------|-------|-------|--------|-----------
GET      GET /                                                                            121     0(0.00%) |    168     131     491    140 |    2.20        0.00
POST     POST login form                                                                    5   5(100.00%) |    319     287     361    310 |    0.00        0.00
--------|----------------------------------------------------------------------------|-------|-------------|-------|-------|-------|-------|--------|-----------
         Aggregated                                                                       126     5(3.97%) |    174     131     491    140 |    2.20        0.00

Type     Name                                                                          # reqs      # fails |    Avg     Min     Max    Med |   req/s  failures/s
--------|----------------------------------------------------------------------------|-------|-------------|-------|-------|-------|-------|--------|-----------
GET      GET /                                                                            125     0(0.00%) |    167     131     491    140 |    2.20        0.00
POST     POST login form                                                                    5   5(100.00%) |    319     287     361    310 |    0.00        0.00
--------|----------------------------------------------------------------------------|-------|-------------|-------|-------|-------|-------|--------|-----------
         Aggregated                                                                       130     5(3.85%) |    173     131     491    140 |    2.20        0.00

Type     Name                                                                          # reqs      # fails |    Avg     Min     Max    Med |   req/s  failures/s
--------|----------------------------------------------------------------------------|-------|-------------|-------|-------|-------|-------|--------|-----------
GET      GET /                                                                            130     0(0.00%) |    166     131     491    140 |    2.20        0.00
POST     POST login form                                                                    5   5(100.00%) |    319     287     361    310 |    0.00        0.00
--------|----------------------------------------------------------------------------|-------|-------------|-------|-------|-------|-------|--------|-----------
         Aggregated                                                                       135     5(3.70%) |    172     131     491    140 |    2.20        0.00

[2026-05-18 14:31:22,995] DESKTOP-OK7CRDJ/INFO/locust.main: --run-time limit reached, shutting down
[2026-05-18 14:31:23,125] DESKTOP-OK7CRDJ/INFO/locust.main: writing html report to file: performance\results\run-20260518-143022\report.html
[2026-05-18 14:31:23,129] DESKTOP-OK7CRDJ/INFO/locust.main: Shutting down (exit code 1)
Type     Name                                                                          # reqs      # fails |    Avg     Min     Max    Med |   req/s  failures/s
--------|----------------------------------------------------------------------------|-------|-------------|-------|-------|-------|-------|--------|-----------
GET      GET /                                                                            134     0(0.00%) |    166     130     491    140 |    2.27        0.00
POST     POST login form                                                                    5   5(100.00%) |    319     287     361    310 |    0.08        0.08
--------|----------------------------------------------------------------------------|-------|-------------|-------|-------|-------|-------|--------|-----------
         Aggregated                                                                       139     5(3.60%) |    171     130     491    140 |    2.36        0.08

Response time percentiles (approximated)
Type     Name                                                                                  50%    66%    75%    80%    90%    95%    98%    99%  99.9% 99.99%   100% # reqs
--------|--------------------------------------------------------------------------------|--------|------|------|------|------|------|------|------|------|------|------|------
GET      GET /                                                                                 140    150    160    170    200    300    450    460    490    490    490    134
POST     POST login form                                                                       310    340    340    360    360    360    360    360    360    360    360      5
--------|--------------------------------------------------------------------------------|--------|------|------|------|------|------|------|------|------|------|------|------
         Aggregated                                                                            140    150    170    180    240    360    450    460    490    490    490    139

Error report
# occurrences      Error
------------------|---------------------------------------------------------------------------------------------------------------------------------------------
5                  POST POST login form: HTTPError('405 Client Error: Method Not Allowed for url: POST login form')
------------------|---------------------------------------------------------------------------------------------------------------------------------------------

