[2026-05-18 14:32:25,108] DESKTOP-OK7CRDJ/INFO/locust.main: Starting Locust 2.44.0
[2026-05-18 14:32:25,129] DESKTOP-OK7CRDJ/INFO/locust.main: Run time limit set to 60 seconds
Type     Name                                                                          # reqs      # fails |    Avg     Min     Max    Med |   req/s  failures/s
--------|----------------------------------------------------------------------------|-------|-------------|-------|-------|-------|-------|--------|-----------
--------|----------------------------------------------------------------------------|-------|-------------|-------|-------|-------|-------|--------|-----------
         Aggregated                                                                         0     0(0.00%) |      0       0       0      0 |    0.00        0.00

[2026-05-18 14:32:25,130] DESKTOP-OK7CRDJ/INFO/locust.runners: Ramping to 5 users at a rate of 1.00 per second
Type     Name                                                                          # reqs      # fails |    Avg     Min     Max    Med |   req/s  failures/s
--------|----------------------------------------------------------------------------|-------|-------------|-------|-------|-------|-------|--------|-----------
GET      GET /                                                                              1     0(0.00%) |    203     203     203    203 |    0.00        0.00
POST     POST login form                                                                    1   1(100.00%) |    391     391     391    391 |    0.00        0.00
--------|----------------------------------------------------------------------------|-------|-------------|-------|-------|-------|-------|--------|-----------
         Aggregated                                                                         2    1(50.00%) |    297     203     391    203 |    0.00        0.00

Type     Name                                                                          # reqs      # fails |    Avg     Min     Max    Med |   req/s  failures/s
--------|----------------------------------------------------------------------------|-------|-------------|-------|-------|-------|-------|--------|-----------
GET      GET /                                                                              3     0(0.00%) |    185     165     203    190 |    0.00        0.00
POST     POST login form                                                                    3   3(100.00%) |    597     357    1041    390 |    0.00        0.00
--------|----------------------------------------------------------------------------|-------|-------------|-------|-------|-------|-------|--------|-----------
         Aggregated                                                                         6    3(50.00%) |    391     165    1041    200 |    0.00        0.00

[2026-05-18 14:32:29,160] DESKTOP-OK7CRDJ/INFO/locust.runners: All users spawned: {"T24ReadOnlyUser": 5} (5 total users)
Type     Name                                                                          # reqs      # fails |    Avg     Min     Max    Med |   req/s  failures/s
--------|----------------------------------------------------------------------------|-------|-------------|-------|-------|-------|-------|--------|-----------
GET      GET /                                                                              6     0(0.00%) |    161     137     203    140 |    0.33        0.00
POST     POST login form                                                                    4   4(100.00%) |    516     275    1041    360 |    0.33        0.33
--------|----------------------------------------------------------------------------|-------|-------------|-------|-------|-------|-------|--------|-----------
         Aggregated                                                                        10    4(40.00%) |    303     137    1041    190 |    0.67        0.33

Type     Name                                                                          # reqs      # fails |    Avg     Min     Max    Med |   req/s  failures/s
--------|----------------------------------------------------------------------------|-------|-------------|-------|-------|-------|-------|--------|-----------
GET      GET /                                                                             10     0(0.00%) |    153     137     203    140 |    1.00        0.00
POST     POST login form                                                                    4   4(100.00%) |    516     275    1041    360 |    0.80        0.80
--------|----------------------------------------------------------------------------|-------|-------------|-------|-------|-------|-------|--------|-----------
         Aggregated                                                                        14    4(28.57%) |    257     137    1041    150 |    1.80        0.80

Type     Name                                                                          # reqs      # fails |    Avg     Min     Max    Med |   req/s  failures/s
--------|----------------------------------------------------------------------------|-------|-------------|-------|-------|-------|-------|--------|-----------
GET      GET /                                                                             15     0(0.00%) |    149     137     203    140 |    1.29        0.00
POST     POST login form                                                                    4   4(100.00%) |    516     275    1041    360 |    0.57        0.57
--------|----------------------------------------------------------------------------|-------|-------------|-------|-------|-------|-------|--------|-----------
         Aggregated                                                                        19    4(21.05%) |    226     137    1041    140 |    1.86        0.57

Type     Name                                                                          # reqs      # fails |    Avg     Min     Max    Med |   req/s  failures/s
--------|----------------------------------------------------------------------------|-------|-------------|-------|-------|-------|-------|--------|-----------
GET      GET /                                                                             18     0(0.00%) |    152     137     228    140 |    1.44        0.00
POST     POST login form                                                                    4   4(100.00%) |    516     275    1041    360 |    0.44        0.44
--------|----------------------------------------------------------------------------|-------|-------------|-------|-------|-------|-------|--------|-----------
         Aggregated                                                                        22    4(18.18%) |    218     137    1041    140 |    1.89        0.44

Type     Name                                                                          # reqs      # fails |    Avg     Min     Max    Med |   req/s  failures/s
--------|----------------------------------------------------------------------------|-------|-------------|-------|-------|-------|-------|--------|-----------
GET      GET /                                                                             22     0(0.00%) |    155     137     228    140 |    1.70        0.00
POST     POST login form                                                                    4   4(100.00%) |    516     275    1041    360 |    0.40        0.40
--------|----------------------------------------------------------------------------|-------|-------------|-------|-------|-------|-------|--------|-----------
         Aggregated                                                                        26    4(15.38%) |    210     137    1041    140 |    2.10        0.40

Type     Name                                                                          # reqs      # fails |    Avg     Min     Max    Med |   req/s  failures/s
--------|----------------------------------------------------------------------------|-------|-------------|-------|-------|-------|-------|--------|-----------
GET      GET /                                                                             27     0(0.00%) |    153     136     228    140 |    1.90        0.00
POST     POST login form                                                                    5   5(100.00%) |   3478     275   15325    390 |    0.30        0.30
--------|----------------------------------------------------------------------------|-------|-------------|-------|-------|-------|-------|--------|-----------
         Aggregated                                                                        32    5(15.62%) |    672     136   15325    140 |    2.20        0.30

Type     Name                                                                          # reqs      # fails |    Avg     Min     Max    Med |   req/s  failures/s
--------|----------------------------------------------------------------------------|-------|-------------|-------|-------|-------|-------|--------|-----------
GET      GET /                                                                             32     0(0.00%) |    155     136     228    140 |    2.10        0.00
POST     POST login form                                                                    5   5(100.00%) |   3478     275   15325    390 |    0.10        0.10
--------|----------------------------------------------------------------------------|-------|-------------|-------|-------|-------|-------|--------|-----------
         Aggregated                                                                        37    5(13.51%) |    604     136   15325    140 |    2.20        0.10

Type     Name                                                                          # reqs      # fails |    Avg     Min     Max    Med |   req/s  failures/s
--------|----------------------------------------------------------------------------|-------|-------------|-------|-------|-------|-------|--------|-----------
GET      GET /                                                                             36     0(0.00%) |    154     136     228    140 |    2.10        0.00
POST     POST login form                                                                    5   5(100.00%) |   3478     275   15325    390 |    0.10        0.10
--------|----------------------------------------------------------------------------|-------|-------------|-------|-------|-------|-------|--------|-----------
         Aggregated                                                                        41    5(12.20%) |    559     136   15325    140 |    2.20        0.10

Type     Name                                                                          # reqs      # fails |    Avg     Min     Max    Med |   req/s  failures/s
--------|----------------------------------------------------------------------------|-------|-------------|-------|-------|-------|-------|--------|-----------
GET      GET /                                                                             42     0(0.00%) |    155     136     228    140 |    2.00        0.00
POST     POST login form                                                                    5   5(100.00%) |   3478     275   15325    390 |    0.10        0.10
--------|----------------------------------------------------------------------------|-------|-------------|-------|-------|-------|-------|--------|-----------
         Aggregated                                                                        47    5(10.64%) |    508     136   15325    140 |    2.10        0.10

Type     Name                                                                          # reqs      # fails |    Avg     Min     Max    Med |   req/s  failures/s
--------|----------------------------------------------------------------------------|-------|-------------|-------|-------|-------|-------|--------|-----------
GET      GET /                                                                             46     0(0.00%) |    153     136     228    140 |    2.30        0.00
POST     POST login form                                                                    5   5(100.00%) |   3478     275   15325    390 |    0.10        0.10
--------|----------------------------------------------------------------------------|-------|-------------|-------|-------|-------|-------|--------|-----------
         Aggregated                                                                        51     5(9.80%) |    479     136   15325    140 |    2.40        0.10

Type     Name                                                                          # reqs      # fails |    Avg     Min     Max    Med |   req/s  failures/s
--------|----------------------------------------------------------------------------|-------|-------------|-------|-------|-------|-------|--------|-----------
GET      GET /                                                                             50     0(0.00%) |    153     136     228    140 |    2.20        0.00
POST     POST login form                                                                    5   5(100.00%) |   3478     275   15325    390 |    0.10        0.10
--------|----------------------------------------------------------------------------|-------|-------------|-------|-------|-------|-------|--------|-----------
         Aggregated                                                                        55     5(9.09%) |    455     136   15325    140 |    2.30        0.10

Type     Name                                                                          # reqs      # fails |    Avg     Min     Max    Med |   req/s  failures/s
--------|----------------------------------------------------------------------------|-------|-------------|-------|-------|-------|-------|--------|-----------
GET      GET /                                                                             57     0(0.00%) |    152     136     228    140 |    2.30        0.00
POST     POST login form                                                                    5   5(100.00%) |   3478     275   15325    390 |    0.00        0.00
--------|----------------------------------------------------------------------------|-------|-------------|-------|-------|-------|-------|--------|-----------
         Aggregated                                                                        62     5(8.06%) |    420     136   15325    140 |    2.30        0.00

Type     Name                                                                          # reqs      # fails |    Avg     Min     Max    Med |   req/s  failures/s
--------|----------------------------------------------------------------------------|-------|-------------|-------|-------|-------|-------|--------|-----------
GET      GET /                                                                             62     0(0.00%) |    156     136     444    140 |    2.60        0.00
POST     POST login form                                                                    5   5(100.00%) |   3478     275   15325    390 |    0.00        0.00
--------|----------------------------------------------------------------------------|-------|-------------|-------|-------|-------|-------|--------|-----------
         Aggregated                                                                        67     5(7.46%) |    404     136   15325    140 |    2.60        0.00

Type     Name                                                                          # reqs      # fails |    Avg     Min     Max    Med |   req/s  failures/s
--------|----------------------------------------------------------------------------|-------|-------------|-------|-------|-------|-------|--------|-----------
GET      GET /                                                                             67     0(0.00%) |    157     136     444    140 |    2.70        0.00
POST     POST login form                                                                    5   5(100.00%) |   3478     275   15325    390 |    0.00        0.00
--------|----------------------------------------------------------------------------|-------|-------------|-------|-------|-------|-------|--------|-----------
         Aggregated                                                                        72     5(6.94%) |    388     136   15325    140 |    2.70        0.00

Type     Name                                                                          # reqs      # fails |    Avg     Min     Max    Med |   req/s  failures/s
--------|----------------------------------------------------------------------------|-------|-------------|-------|-------|-------|-------|--------|-----------
GET      GET /                                                                             72     0(0.00%) |    157     136     444    140 |    2.40        0.00
POST     POST login form                                                                    5   5(100.00%) |   3478     275   15325    390 |    0.00        0.00
--------|----------------------------------------------------------------------------|-------|-------------|-------|-------|-------|-------|--------|-----------
         Aggregated                                                                        77     5(6.49%) |    373     136   15325    140 |    2.40        0.00

Type     Name                                                                          # reqs      # fails |    Avg     Min     Max    Med |   req/s  failures/s
--------|----------------------------------------------------------------------------|-------|-------------|-------|-------|-------|-------|--------|-----------
GET      GET /                                                                             74     0(0.00%) |    158     136     444    140 |    2.40        0.00
POST     POST login form                                                                    5   5(100.00%) |   3478     275   15325    390 |    0.00        0.00
--------|----------------------------------------------------------------------------|-------|-------------|-------|-------|-------|-------|--------|-----------
         Aggregated                                                                        79     5(6.33%) |    368     136   15325    140 |    2.40        0.00

Type     Name                                                                          # reqs      # fails |    Avg     Min     Max    Med |   req/s  failures/s
--------|----------------------------------------------------------------------------|-------|-------------|-------|-------|-------|-------|--------|-----------
GET      GET /                                                                             80     0(0.00%) |    157     136     444    140 |    2.40        0.00
POST     POST login form                                                                    5   5(100.00%) |   3478     275   15325    390 |    0.00        0.00
--------|----------------------------------------------------------------------------|-------|-------------|-------|-------|-------|-------|--------|-----------
         Aggregated                                                                        85     5(5.88%) |    353     136   15325    140 |    2.40        0.00

Type     Name                                                                          # reqs      # fails |    Avg     Min     Max    Med |   req/s  failures/s
--------|----------------------------------------------------------------------------|-------|-------------|-------|-------|-------|-------|--------|-----------
GET      GET /                                                                             86     0(0.00%) |    157     136     444    140 |    2.30        0.00
POST     POST login form                                                                    5   5(100.00%) |   3478     275   15325    390 |    0.00        0.00
--------|----------------------------------------------------------------------------|-------|-------------|-------|-------|-------|-------|--------|-----------
         Aggregated                                                                        91     5(5.49%) |    339     136   15325    140 |    2.30        0.00

Type     Name                                                                          # reqs      # fails |    Avg     Min     Max    Med |   req/s  failures/s
--------|----------------------------------------------------------------------------|-------|-------------|-------|-------|-------|-------|--------|-----------
GET      GET /                                                                             91     0(0.00%) |    157     136     444    140 |    2.20        0.00
POST     POST login form                                                                    5   5(100.00%) |   3478     275   15325    390 |    0.00        0.00
--------|----------------------------------------------------------------------------|-------|-------------|-------|-------|-------|-------|--------|-----------
         Aggregated                                                                        96     5(5.21%) |    330     136   15325    140 |    2.20        0.00

Type     Name                                                                          # reqs      # fails |    Avg     Min     Max    Med |   req/s  failures/s
--------|----------------------------------------------------------------------------|-------|-------------|-------|-------|-------|-------|--------|-----------
GET      GET /                                                                             96     0(0.00%) |    157     136     444    140 |    2.50        0.00
POST     POST login form                                                                    5   5(100.00%) |   3478     275   15325    390 |    0.00        0.00
--------|----------------------------------------------------------------------------|-------|-------------|-------|-------|-------|-------|--------|-----------
         Aggregated                                                                       101     5(4.95%) |    321     136   15325    140 |    2.50        0.00

Type     Name                                                                          # reqs      # fails |    Avg     Min     Max    Med |   req/s  failures/s
--------|----------------------------------------------------------------------------|-------|-------------|-------|-------|-------|-------|--------|-----------
GET      GET /                                                                             99     0(0.00%) |    157     136     444    140 |    2.50        0.00
POST     POST login form                                                                    5   5(100.00%) |   3478     275   15325    390 |    0.00        0.00
--------|----------------------------------------------------------------------------|-------|-------------|-------|-------|-------|-------|--------|-----------
         Aggregated                                                                       104     5(4.81%) |    316     136   15325    140 |    2.50        0.00

Type     Name                                                                          # reqs      # fails |    Avg     Min     Max    Med |   req/s  failures/s
--------|----------------------------------------------------------------------------|-------|-------------|-------|-------|-------|-------|--------|-----------
GET      GET /                                                                            104     0(0.00%) |    156     136     444    140 |    2.40        0.00
POST     POST login form                                                                    5   5(100.00%) |   3478     275   15325    390 |    0.00        0.00
--------|----------------------------------------------------------------------------|-------|-------------|-------|-------|-------|-------|--------|-----------
         Aggregated                                                                       109     5(4.59%) |    309     136   15325    140 |    2.40        0.00

Type     Name                                                                          # reqs      # fails |    Avg     Min     Max    Med |   req/s  failures/s
--------|----------------------------------------------------------------------------|-------|-------------|-------|-------|-------|-------|--------|-----------
GET      GET /                                                                            109     0(0.00%) |    156     136     444    140 |    2.40        0.00
POST     POST login form                                                                    5   5(100.00%) |   3478     275   15325    390 |    0.00        0.00
--------|----------------------------------------------------------------------------|-------|-------------|-------|-------|-------|-------|--------|-----------
         Aggregated                                                                       114     5(4.39%) |    301     136   15325    140 |    2.40        0.00

Type     Name                                                                          # reqs      # fails |    Avg     Min     Max    Med |   req/s  failures/s
--------|----------------------------------------------------------------------------|-------|-------------|-------|-------|-------|-------|--------|-----------
GET      GET /                                                                            114     0(0.00%) |    156     136     444    140 |    2.40        0.00
POST     POST login form                                                                    5   5(100.00%) |   3478     275   15325    390 |    0.00        0.00
--------|----------------------------------------------------------------------------|-------|-------------|-------|-------|-------|-------|--------|-----------
         Aggregated                                                                       119     5(4.20%) |    295     136   15325    140 |    2.40        0.00

Type     Name                                                                          # reqs      # fails |    Avg     Min     Max    Med |   req/s  failures/s
--------|----------------------------------------------------------------------------|-------|-------------|-------|-------|-------|-------|--------|-----------
GET      GET /                                                                            118     0(0.00%) |    155     134     444    140 |    2.20        0.00
POST     POST login form                                                                    5   5(100.00%) |   3478     275   15325    390 |    0.00        0.00
--------|----------------------------------------------------------------------------|-------|-------------|-------|-------|-------|-------|--------|-----------
         Aggregated                                                                       123     5(4.07%) |    290     134   15325    140 |    2.20        0.00

Type     Name                                                                          # reqs      # fails |    Avg     Min     Max    Med |   req/s  failures/s
--------|----------------------------------------------------------------------------|-------|-------------|-------|-------|-------|-------|--------|-----------
GET      GET /                                                                            122     0(0.00%) |    155     134     444    140 |    2.10        0.00
POST     POST login form                                                                    5   5(100.00%) |   3478     275   15325    390 |    0.00        0.00
--------|----------------------------------------------------------------------------|-------|-------------|-------|-------|-------|-------|--------|-----------
         Aggregated                                                                       127     5(3.94%) |    286     134   15325    140 |    2.10        0.00

Type     Name                                                                          # reqs      # fails |    Avg     Min     Max    Med |   req/s  failures/s
--------|----------------------------------------------------------------------------|-------|-------------|-------|-------|-------|-------|--------|-----------
GET      GET /                                                                            127     0(0.00%) |    155     134     444    140 |    2.30        0.00
POST     POST login form                                                                    5   5(100.00%) |   3478     275   15325    390 |    0.00        0.00
--------|----------------------------------------------------------------------------|-------|-------------|-------|-------|-------|-------|--------|-----------
         Aggregated                                                                       132     5(3.79%) |    280     134   15325    140 |    2.30        0.00

[2026-05-18 14:33:24,625] DESKTOP-OK7CRDJ/INFO/locust.main: --run-time limit reached, shutting down
[2026-05-18 14:33:24,852] DESKTOP-OK7CRDJ/INFO/locust.main: writing html report to file: performance\results\run-20260518-143224\report.html
[2026-05-18 14:33:24,862] DESKTOP-OK7CRDJ/INFO/locust.main: Shutting down (exit code 1)
Type     Name                                                                          # reqs      # fails |    Avg     Min     Max    Med |   req/s  failures/s
--------|----------------------------------------------------------------------------|-------|-------------|-------|-------|-------|-------|--------|-----------
GET      GET /                                                                            130     0(0.00%) |    154     134     444    140 |    2.20        0.00
POST     POST login form                                                                    5   5(100.00%) |   3478     275   15325    390 |    0.08        0.08
--------|----------------------------------------------------------------------------|-------|-------------|-------|-------|-------|-------|--------|-----------
         Aggregated                                                                       135     5(3.70%) |    277     134   15325    140 |    2.29        0.08

Response time percentiles (approximated)
Type     Name                                                                                  50%    66%    75%    80%    90%    95%    98%    99%  99.9% 99.99%   100% # reqs
--------|--------------------------------------------------------------------------------|--------|------|------|------|------|------|------|------|------|------|------|------
GET      GET /                                                                                 140    150    150    170    190    200    230    240    440    440    440    130
POST     POST login form                                                                       390   1000   1000  15000  15000  15000  15000  15000  15000  15000  15000      5
--------|--------------------------------------------------------------------------------|--------|------|------|------|------|------|------|------|------|------|------|------
         Aggregated                                                                            140    150    160    170    200    240    440   1000  15000  15000  15000    135

Error report
# occurrences      Error
------------------|---------------------------------------------------------------------------------------------------------------------------------------------
5                  POST POST login form: HTTPError('405 Client Error: Method Not Allowed for url: POST login form')
------------------|---------------------------------------------------------------------------------------------------------------------------------------------

